#
# There is insufficient memory for the Java Runtime Environment to continue.
# Native memory allocation (mmap) failed to map 268435456 bytes for G1 virtual space
# Possible reasons:
#   The system is out of physical RAM or swap space
#   The process is running with CompressedOops enabled, and the Java Heap may be blocking the growth of the native heap
# Possible solutions:
#   Reduce memory load on the system
#   Increase physical memory or swap space
#   Check if swap backing store is full
#   Decrease Java heap size (-Xmx/-Xms)
#   Decrease number of Java threads
#   Decrease Java thread stack sizes (-Xss)
#   Set larger code cache with -XX:ReservedCodeCacheSize=
#   JVM is running with Zero Based Compressed Oops mode in which the Java heap is
#     placed in the first 32GB address space. The Java Heap base address is the
#     maximum limit for the native heap growth. Please use -XX:HeapBaseMinAddress
#     to set the Java Heap base and to place the Java Heap above 32GB virtual address.
# This output file may be truncated or incomplete.
#
#  Out of Memory Error (os_windows.cpp:3600), pid=17404, tid=22016
#
# JRE version:  (21.0.2+13) (build )
# Java VM: OpenJDK 64-Bit Server VM (21.0.2+13-LTS, mixed mode, sharing, tiered, compressed oops, compressed class ptrs, g1 gc, windows-amd64)
# No core dump will be written. Minidumps are not enabled by default on client versions of Windows
#

---------------  S U M M A R Y ------------

Command Line: -javaagent:C:\Program Files\JetBrains\IntelliJ IDEA Community Edition 2023.1.3\lib\idea_rt.jar=49217:C:\Program Files\JetBrains\IntelliJ IDEA Community Edition 2023.1.3\bin -Dfile.encoding=UTF-8 -Dsun.stdout.encoding=UTF-8 -Dsun.stderr.encoding=UTF-8 app.MainWindow

Host: Intel(R) Core(TM) i7-8550U CPU @ 1.80GHz, 8 cores, 15G,  Windows 11 , 64 bit Build 22621 (10.0.22621.2506)
Time: Thu Feb  8 17:19:35 2024 W. Europe Standard Time elapsed time: 0.022911 seconds (0d 0h 0m 0s)

---------------  T H R E A D  ---------------

Current thread (0x00000214bbbb65a0):  JavaThread "Unknown thread" [_thread_in_vm, id=22016, stack(0x00000090f0d00000,0x00000090f0e00000) (1024K)]

Stack: [0x00000090f0d00000,0x00000090f0e00000]
Native frames: (J=compiled Java code, j=interpreted, Vv=VM code, C=native code)
V  [jvm.dll+0x6d47f9]
V  [jvm.dll+0x8afff3]
V  [jvm.dll+0x8b234e]
V  [jvm.dll+0x8b2a33]
V  [jvm.dll+0x284e96]
V  [jvm.dll+0x6d0fc5]
V  [jvm.dll+0x6c56fa]
V  [jvm.dll+0x35bb9b]
V  [jvm.dll+0x363746]
V  [jvm.dll+0x3b4c06]
V  [jvm.dll+0x3b4ed8]
V  [jvm.dll+0x32f2dc]
V  [jvm.dll+0x32ffcb]
V  [jvm.dll+0x878169]
V  [jvm.dll+0x3c1fd1]
V  [jvm.dll+0x860b88]
V  [jvm.dll+0x455c1e]
V  [jvm.dll+0x4576f1]
C  [jli.dll+0x52ab]
C  [ucrtbase.dll+0x29363]
C  [KERNEL32.DLL+0x1257d]
C  [ntdll.dll+0x5aa58]


---------------  P R O C E S S  ---------------

Threads class SMR info:
_java_thread_list=0x00007ff99638c048, length=0, elements={
}

Java Threads: ( => current thread )
Total: 0

Other Threads:
  0x00000214bbc1ddd0 WorkerThread "GC Thread#0"                     [id=5988, stack(0x00000090f0e00000,0x00000090f0f00000) (1024K)]
  0x00000214bbc2ede0 ConcurrentGCThread "G1 Main Marker"            [id=20268, stack(0x00000090f0f00000,0x00000090f1000000) (1024K)]
  0x00000214bbc30080 WorkerThread "G1 Conc#0"                       [id=3940, stack(0x00000090f1000000,0x00000090f1100000) (1024K)]

[error occurred during error reporting (printing all threads), id 0xc0000005, EXCEPTION_ACCESS_VIOLATION (0xc0000005) at pc=0x00007ff995a92437]
VM state: not at safepoint (not fully initialized)

VM Mutex/Monitor currently owned by a thread:  ([mutex/lock_event])
[0x00007ff996400238] Heap_lock - owner thread: 0x00000214bbbb65a0

Heap address: 0x0000000701800000, size: 4072 MB, Compressed Oops mode: Zero based, Oop shift amount: 3

CDS archive(s) mapped at: [0x0000000000000000-0x0000000000000000-0x0000000000000000), size 0, SharedBaseAddress: 0x0000000800000000, ArchiveRelocationMode: 1.
Narrow klass base: 0x0000000000000000, Narrow klass shift: 0, Narrow klass range: 0x0

GC Precious Log:
 CardTable entry size: 512
 Card Set container configuration: InlinePtr #cards 4 size 8 Array Of Cards #cards 16 size 48 Howl #buckets 8 coarsen threshold 3686 Howl Bitmap #cards 512 size 80 coarsen threshold 460 Card regions per heap region 1 cards per card region 4096

Heap:
 garbage-first heap   total 0K, used 0K [0x0000000701800000, 0x0000000800000000)
  region size 2048K, 0 young (0K), 0 survivors (0K)

[error occurred during error reporting (printing heap information), id 0xc0000005, EXCEPTION_ACCESS_VIOLATION (0xc0000005) at pc=0x00007ff995e7d5d9]
GC Heap History (0 events):
No events

Dll operation events (1 events):
Event: 0.014 Loaded shared library C:\Users\ADMIN\.jdks\corretto-21.0.2\bin\java.dll

Deoptimization events (0 events):
No events

Classes loaded (0 events):
No events

Classes unloaded (0 events):
No events

Classes redefined (0 events):
No events

Internal exceptions (0 events):
No events

ZGC Phase Switch (0 events):
No events

VM Operations (0 events):
No events

Events (0 events):
No events


Dynamic libraries:
0x00007ff66b560000 - 0x00007ff66b56e000 	C:\Users\ADMIN\.jdks\corretto-21.0.2\bin\java.exe
0x00007ffa53430000 - 0x00007ffa53647000 	C:\WINDOWS\SYSTEM32\ntdll.dll
0x00007ffa51d50000 - 0x00007ffa51e14000 	C:\WINDOWS\System32\KERNEL32.DLL
0x00007ffa50da0000 - 0x00007ffa51146000 	C:\WINDOWS\System32\KERNELBASE.dll
0x00007ffa509b0000 - 0x00007ffa50ac1000 	C:\WINDOWS\System32\ucrtbase.dll
0x00007ffa39dd0000 - 0x00007ffa39deb000 	C:\Users\ADMIN\.jdks\corretto-21.0.2\bin\VCRUNTIME140.dll
0x00007ffa3a070000 - 0x00007ffa3a088000 	C:\Users\ADMIN\.jdks\corretto-21.0.2\bin\jli.dll
0x00007ffa52e00000 - 0x00007ffa52fae000 	C:\WINDOWS\System32\USER32.dll
0x00007ffa36290000 - 0x00007ffa36523000 	C:\WINDOWS\WinSxS\amd64_microsoft.windows.common-controls_6595b64144ccf1df_6.0.22621.2506_none_270c5ae97388e100\COMCTL32.dll
0x00007ffa50910000 - 0x00007ffa50936000 	C:\WINDOWS\System32\win32u.dll
0x00007ffa51a80000 - 0x00007ffa51b27000 	C:\WINDOWS\System32\msvcrt.dll
0x00007ffa51f50000 - 0x00007ffa51f79000 	C:\WINDOWS\System32\GDI32.dll
0x00007ffa50770000 - 0x00007ffa50888000 	C:\WINDOWS\System32\gdi32full.dll
0x00007ffa50b90000 - 0x00007ffa50c2a000 	C:\WINDOWS\System32\msvcp_win.dll
0x00007ffa53020000 - 0x00007ffa53051000 	C:\WINDOWS\System32\IMM32.DLL
0x00007ffa4bd90000 - 0x00007ffa4bd9c000 	C:\Users\ADMIN\.jdks\corretto-21.0.2\bin\vcruntime140_1.dll
0x00007ffa310a0000 - 0x00007ffa3112d000 	C:\Users\ADMIN\.jdks\corretto-21.0.2\bin\msvcp140.dll
0x00007ff995750000 - 0x00007ff9964e0000 	C:\Users\ADMIN\.jdks\corretto-21.0.2\bin\server\jvm.dll
0x00007ffa51280000 - 0x00007ffa51333000 	C:\WINDOWS\System32\ADVAPI32.dll
0x00007ffa51960000 - 0x00007ffa51a08000 	C:\WINDOWS\System32\sechost.dll
0x00007ffa51150000 - 0x00007ffa51178000 	C:\WINDOWS\System32\bcrypt.dll
0x00007ffa51f80000 - 0x00007ffa52097000 	C:\WINDOWS\System32\RPCRT4.dll
0x00007ffa51340000 - 0x00007ffa513b1000 	C:\WINDOWS\System32\WS2_32.dll
0x00007ffa4f5f0000 - 0x00007ffa4f63d000 	C:\WINDOWS\SYSTEM32\POWRPROF.dll
0x00007ffa44bd0000 - 0x00007ffa44bda000 	C:\WINDOWS\SYSTEM32\VERSION.dll
0x00007ffa479c0000 - 0x00007ffa479f4000 	C:\WINDOWS\SYSTEM32\WINMM.dll
0x00007ffa4f5d0000 - 0x00007ffa4f5e3000 	C:\WINDOWS\SYSTEM32\UMPDC.dll
0x00007ffa4f890000 - 0x00007ffa4f8a8000 	C:\WINDOWS\SYSTEM32\kernel.appcore.dll
0x00007ffa3a060000 - 0x00007ffa3a06a000 	C:\Users\ADMIN\.jdks\corretto-21.0.2\bin\jimage.dll
0x00007ffa4e260000 - 0x00007ffa4e493000 	C:\WINDOWS\SYSTEM32\DBGHELP.DLL
0x00007ffa53060000 - 0x00007ffa533e9000 	C:\WINDOWS\System32\combase.dll
0x00007ffa52d20000 - 0x00007ffa52df7000 	C:\WINDOWS\System32\OLEAUT32.dll
0x00007ffa30e50000 - 0x00007ffa30e82000 	C:\WINDOWS\SYSTEM32\dbgcore.DLL
0x00007ffa50890000 - 0x00007ffa5090a000 	C:\WINDOWS\System32\bcryptPrimitives.dll
0x00007ffa34150000 - 0x00007ffa3415e000 	C:\Users\ADMIN\.jdks\corretto-21.0.2\bin\instrument.dll
0x00007ffa39db0000 - 0x00007ffa39dcf000 	C:\Users\ADMIN\.jdks\corretto-21.0.2\bin\java.dll

dbghelp: loaded successfully - version: 4.0.5 - missing functions: none
symbol engine: initialized successfully - sym options: 0x614 - pdb path: .;C:\Users\ADMIN\.jdks\corretto-21.0.2\bin;C:\WINDOWS\SYSTEM32;C:\WINDOWS\WinSxS\amd64_microsoft.windows.common-controls_6595b64144ccf1df_6.0.22621.2506_none_270c5ae97388e100;C:\Users\ADMIN\.jdks\corretto-21.0.2\bin\server

VM Arguments:
jvm_args: -javaagent:C:\Program Files\JetBrains\IntelliJ IDEA Community Edition 2023.1.3\lib\idea_rt.jar=49217:C:\Program Files\JetBrains\IntelliJ IDEA Community Edition 2023.1.3\bin -Dfile.encoding=UTF-8 -Dsun.stdout.encoding=UTF-8 -Dsun.stderr.encoding=UTF-8 
java_command: app.MainWindow
java_class_path (initial): D:\Uni\Semester 3\OOP Java\droneProject\out\production\ProjectJavaIj;D:\Uni\Semester 3\OOP Java\droneProject\lib\JSON Library (Example)-20240127\json-20231013.jar;D:\Uni\Semester 3\OOP Java\droneProject\lib\dotenv-java-3.0.0.jar;D:\Uni\Semester 3\OOP Java\droneProject\lib\javafx.swing.jar;D:\Uni\Semester 3\OOP Java\droneProject\lib\javafx-base-22-ea+16.jar;D:\Uni\Semester 3\OOP Java\droneProject\lib\javafx-base-22-ea+16-win.jar;D:\Uni\Semester 3\OOP Java\droneProject\lib\javafx-fxml-22-ea+16.jar;D:\Uni\Semester 3\OOP Java\droneProject\lib\javafx-fxml-22-ea+16-win.jar;D:\Uni\Semester 3\OOP Java\droneProject\lib\javafx-controls-22-ea+16.jar;D:\Uni\Semester 3\OOP Java\droneProject\lib\javafx-controls-22-ea+16-win.jar;D:\Uni\Semester 3\OOP Java\droneProject\lib\javafx-graphics-22-ea+16.jar;D:\Uni\Semester 3\OOP Java\droneProject\lib\javafx-graphics-22-ea+16-win.jar
Launcher Type: SUN_STANDARD

[Global flags]
     intx CICompilerCount                          = 4                                         {product} {ergonomic}
     uint ConcGCThreads                            = 2                                         {product} {ergonomic}
     uint G1ConcRefinementThreads                  = 8                                         {product} {ergonomic}
   size_t G1HeapRegionSize                         = 2097152                                   {product} {ergonomic}
    uintx GCDrainStackTargetSize                   = 64                                        {product} {ergonomic}
   size_t InitialHeapSize                          = 268435456                                 {product} {ergonomic}
   size_t MarkStackSize                            = 4194304                                   {product} {ergonomic}
   size_t MaxHeapSize                              = 4269801472                                {product} {ergonomic}
   size_t MinHeapDeltaBytes                        = 2097152                                   {product} {ergonomic}
   size_t MinHeapSize                              = 8388608                                   {product} {ergonomic}
    uintx NonNMethodCodeHeapSize                   = 5839372                                {pd product} {ergonomic}
    uintx NonProfiledCodeHeapSize                  = 122909434                              {pd product} {ergonomic}
    uintx ProfiledCodeHeapSize                     = 122909434                              {pd product} {ergonomic}
    uintx ReservedCodeCacheSize                    = 251658240                              {pd product} {ergonomic}
     bool SegmentedCodeCache                       = true                                      {product} {ergonomic}
   size_t SoftMaxHeapSize                          = 4269801472                             {manageable} {ergonomic}
     bool UseCompressedOops                        = true                           {product lp64_product} {ergonomic}
     bool UseG1GC                                  = true                                      {product} {ergonomic}
     bool UseLargePagesIndividualAllocation        = false                                  {pd product} {ergonomic}

Logging:
Log output configuration:
 #0: stdout all=warning uptime,level,tags foldmultilines=false
 #1: stderr all=off uptime,level,tags foldmultilines=false

Environment Variables:
JAVA_HOME=C:\Program Files\Java\jdk-21
PATH=C:\Program Files\Common Files\Oracle\Java\javapath;C:\Program Files (x86)\VMware\VMware Player\bin\;C:\ProgramData\Oracle\Java\javapath;C:\Program Files\AdoptOpenJDK\jdk-13.0.2.8-hotspot\bin;C:\WINDOWS\system32;C:\WINDOWS;C:\WINDOWS\System32\Wbem;C:\WINDOWS\System32\WindowsPowerShell\v1.0\;C:\WINDOWS\System32\OpenSSH\;C:\Program Files\Calibre2\;%Java_Home%\bin;C:\Program Files\dotnet\;C:\mingw64\bin;C:\Program Files\Git\cmd;C:\Program Files\nodejs\;C:\ProgramData\chocolatey\bin;C:\HashiCorp\Vagrant\bin;C:\ProgramData\chocolatey\lib\maven\apache-maven-3.9.3\bin;C:\Program Files\Amazon\AWSCLIV2\;C:\Program Files\MySQL\MySQL Server 8.0\bin;C:\Program Files\MySQL\MySQL Shell 8.0\bin\;C:\Users\ADMIN\AppData\Local\Programs\Python\Python310\Scripts\;C:\Users\ADMIN\AppData\Local\Programs\Python\Python310\;C:\Users\ADMIN\AppData\Local\Microsoft\WindowsApps;C:\Users\ADMIN\AppData\Local\Programs\Microsoft VS Code\bin;C:\Users\ADMIN\AppData\Local\Programs\Hyper\resources\bin;C:\Users\ADMIN\AppData\Roaming\npm;C:\Program Files\heroku\bin;C:\Program Files\MongoDB\Server\6.0\bin;C:\Program Files\mongosh-1.8.2-win32-x64\bin;C:\Program Files\Java\jdk-21\bin;C:\Program Files\cmder;
USERNAME=ADMIN
OS=Windows_NT
PROCESSOR_IDENTIFIER=Intel64 Family 6 Model 142 Stepping 10, GenuineIntel
TMP=C:\Users\ADMIN\AppData\Local\Temp
TEMP=C:\Users\ADMIN\AppData\Local\Temp




Periodic native trim disabled

---------------  S Y S T E M  ---------------

OS:
 Windows 11 , 64 bit Build 22621 (10.0.22621.2506)
OS uptime: 0 days 19:24 hours

CPU: total 8 (initial active 8) (4 cores per cpu, 2 threads per core) family 6 model 142 stepping 10 microcode 0xea, cx8, cmov, fxsr, ht, mmx, 3dnowpref, sse, sse2, sse3, ssse3, sse4.1, sse4.2, popcnt, lzcnt, tsc, tscinvbit, avx, avx2, aes, erms, clmul, bmi1, bmi2, adx, fma, vzeroupper, clflush, clflushopt, rdtscp, f16c
Processor Information for all 8 processors :
  Max Mhz: 1992, Current Mhz: 1792, Mhz Limit: 1792

Memory: 4k page, system-wide physical 16284M (2136M free)
TotalPageFile size 22496M (AvailPageFile size 239M)
current process WorkingSet (physical memory assigned to process): 11M, peak: 11M
current process commit charge ("private bytes"): 60M, peak: 316M

vm_info: OpenJDK 64-Bit Server VM (21.0.2+13-LTS) for windows-amd64 JRE (21.0.2+13-LTS), built on 2024-01-10T23:18:03Z by "Administrator" with MS VC++ 16.10 / 16.11 (VS2019)

END.
