#
# There is insufficient memory for the Java Runtime Environment to continue.
# Native memory allocation (mmap) failed to map 268435456 bytes for G1 virtual space
# Possible reasons:
#   The system is out of physical RAM or swap space
#   The process is running with CompressedOops enabled, and the Java Heap may be blocking the growth of the native heap
# Possible solutions:
#   Reduce memory load on the system
#   Increase physical memory or swap space
#   Check if swap backing store is full
#   Decrease Java heap size (-Xmx/-Xms)
#   Decrease number of Java threads
#   Decrease Java thread stack sizes (-Xss)
#   Set larger code cache with -XX:ReservedCodeCacheSize=
#   JVM is running with Zero Based Compressed Oops mode in which the Java heap is
#     placed in the first 32GB address space. The Java Heap base address is the
#     maximum limit for the native heap growth. Please use -XX:HeapBaseMinAddress
#     to set the Java Heap base and to place the Java Heap above 32GB virtual address.
# This output file may be truncated or incomplete.
#
#  Out of Memory Error (os_windows.cpp:3600), pid=29864, tid=11488
#
# JRE version:  (21.0.2+13) (build )
# Java VM: OpenJDK 64-Bit Server VM (21.0.2+13-58, mixed mode, sharing, tiered, compressed oops, compressed class ptrs, g1 gc, windows-amd64)
# No core dump will be written. Minidumps are not enabled by default on client versions of Windows
#

---------------  S U M M A R Y ------------

Command Line: -javaagent:C:\Program Files\JetBrains\IntelliJ IDEA Community Edition 2023.1.3\lib\idea_rt.jar=56416:C:\Program Files\JetBrains\IntelliJ IDEA Community Edition 2023.1.3\bin -Dfile.encoding=UTF-8 -Dsun.stdout.encoding=UTF-8 -Dsun.stderr.encoding=UTF-8 app.MainWindow

Host: Intel(R) Core(TM) i7-8550U CPU @ 1.80GHz, 8 cores, 15G,  Windows 11 , 64 bit Build 22621 (10.0.22621.2506)
Time: Tue Jan 30 23:02:52 2024 W. Europe Standard Time elapsed time: 0.024579 seconds (0d 0h 0m 0s)

---------------  T H R E A D  ---------------

Current thread (0x0000023f464c2bf0):  JavaThread "Unknown thread" [_thread_in_vm, id=11488, stack(0x0000008c7c100000,0x0000008c7c200000) (1024K)]

Stack: [0x0000008c7c100000,0x0000008c7c200000]
Native frames: (J=compiled Java code, j=interpreted, Vv=VM code, C=native code)
V  [jvm.dll+0x6cade9]
V  [jvm.dll+0x8569c1]
V  [jvm.dll+0x858d2e]
V  [jvm.dll+0x859413]
V  [jvm.dll+0x280e56]
V  [jvm.dll+0x6c74d5]
V  [jvm.dll+0x6bbeca]
V  [jvm.dll+0x355bca]
V  [jvm.dll+0x35d816]
V  [jvm.dll+0x3ae67e]
V  [jvm.dll+0x3ae928]
V  [jvm.dll+0x3295dc]
V  [jvm.dll+0x32a16b]
V  [jvm.dll+0x81efa9]
V  [jvm.dll+0x3bba01]
V  [jvm.dll+0x807928]
V  [jvm.dll+0x44f50e]
V  [jvm.dll+0x450e11]
C  [jli.dll+0x52a3]
C  [ucrtbase.dll+0x29363]
C  [KERNEL32.DLL+0x1257d]
C  [ntdll.dll+0x5aa58]


---------------  P R O C E S S  ---------------

Threads class SMR info:
_java_thread_list=0x00007ff8e459bb88, length=0, elements={
}

Java Threads: ( => current thread )
Total: 0

Other Threads:
  0x0000023f4874ddb0 WorkerThread "GC Thread#0"                     [id=4448, stack(0x0000008c7c200000,0x0000008c7c300000) (1024K)]
  0x0000023f4875edc0 ConcurrentGCThread "G1 Main Marker"            [id=14648, stack(0x0000008c7c300000,0x0000008c7c400000) (1024K)]
  0x0000023f48760060 WorkerThread "G1 Conc#0"                       [id=28448, stack(0x0000008c7c400000,0x0000008c7c500000) (1024K)]

[error occurred during error reporting (printing all threads), id 0xc0000005, EXCEPTION_ACCESS_VIOLATION (0xc0000005) at pc=0x00007ff8e3d0c6a7]
VM state: not at safepoint (not fully initialized)

VM Mutex/Monitor currently owned by a thread:  ([mutex/lock_event])
[0x00007ff8e460ce68] Heap_lock - owner thread: 0x0000023f464c2bf0

Heap address: 0x0000000701800000, size: 4072 MB, Compressed Oops mode: Zero based, Oop shift amount: 3

CDS archive(s) mapped at: [0x0000000000000000-0x0000000000000000-0x0000000000000000), size 0, SharedBaseAddress: 0x0000000800000000, ArchiveRelocationMode: 1.
Narrow klass base: 0x0000000000000000, Narrow klass shift: 0, Narrow klass range: 0x0

GC Precious Log:
 CardTable entry size: 512
 Card Set container configuration: InlinePtr #cards 4 size 8 Array Of Cards #cards 16 size 48 Howl #buckets 8 coarsen threshold 3686 Howl Bitmap #cards 512 size 80 coarsen threshold 460 Card regions per heap region 1 cards per card region 4096

Heap:
 garbage-first heap   total 0K, used 0K [0x0000000701800000, 0x0000000800000000)
  region size 2048K, 0 young (0K), 0 survivors (0K)

[error occurred during error reporting (printing heap information), id 0xc0000005, EXCEPTION_ACCESS_VIOLATION (0xc0000005) at pc=0x00007ff8e40f39f9]
GC Heap History (0 events):
No events

Dll operation events (1 events):
Event: 0.015 Loaded shared library C:\Users\ADMIN\.jdks\openjdk-21.0.2\bin\java.dll

Deoptimization events (0 events):
No events

Classes loaded (0 events):
No events

Classes unloaded (0 events):
No events

Classes redefined (0 events):
No events

Internal exceptions (0 events):
No events

ZGC Phase Switch (0 events):
No events

VM Operations (0 events):
No events

Events (0 events):
No events


Dynamic libraries:
0x00007ff757e20000 - 0x00007ff757e2e000 	C:\Users\ADMIN\.jdks\openjdk-21.0.2\bin\java.exe
0x00007ff9b2070000 - 0x00007ff9b2287000 	C:\WINDOWS\SYSTEM32\ntdll.dll
0x00007ff9b1880000 - 0x00007ff9b1944000 	C:\WINDOWS\System32\KERNEL32.DLL
0x00007ff9af8f0000 - 0x00007ff9afc96000 	C:\WINDOWS\System32\KERNELBASE.dll
0x00007ff9afca0000 - 0x00007ff9afdb1000 	C:\WINDOWS\System32\ucrtbase.dll
0x00007ff9a5a00000 - 0x00007ff9a5a18000 	C:\Users\ADMIN\.jdks\openjdk-21.0.2\bin\jli.dll
0x00007ff9aa540000 - 0x00007ff9aa55b000 	C:\Users\ADMIN\.jdks\openjdk-21.0.2\bin\VCRUNTIME140.dll
0x00007ff9b0920000 - 0x00007ff9b0ace000 	C:\WINDOWS\System32\USER32.dll
0x00007ff99b910000 - 0x00007ff99bba3000 	C:\WINDOWS\WinSxS\amd64_microsoft.windows.common-controls_6595b64144ccf1df_6.0.22621.2506_none_270c5ae97388e100\COMCTL32.dll
0x00007ff9af570000 - 0x00007ff9af596000 	C:\WINDOWS\System32\win32u.dll
0x00007ff9b1df0000 - 0x00007ff9b1e97000 	C:\WINDOWS\System32\msvcrt.dll
0x00007ff9b0660000 - 0x00007ff9b0689000 	C:\WINDOWS\System32\GDI32.dll
0x00007ff9af3e0000 - 0x00007ff9af4f8000 	C:\WINDOWS\System32\gdi32full.dll
0x00007ff9af660000 - 0x00007ff9af6fa000 	C:\WINDOWS\System32\msvcp_win.dll
0x00007ff9b0ae0000 - 0x00007ff9b0b11000 	C:\WINDOWS\System32\IMM32.DLL
0x00007ff9aa580000 - 0x00007ff9aa58c000 	C:\Users\ADMIN\.jdks\openjdk-21.0.2\bin\vcruntime140_1.dll
0x00007ff99a000000 - 0x00007ff99a08e000 	C:\Users\ADMIN\.jdks\openjdk-21.0.2\bin\msvcp140.dll
0x00007ff8e39d0000 - 0x00007ff8e46e7000 	C:\Users\ADMIN\.jdks\openjdk-21.0.2\bin\server\jvm.dll
0x00007ff9b0d80000 - 0x00007ff9b0e33000 	C:\WINDOWS\System32\ADVAPI32.dll
0x00007ff9b0cd0000 - 0x00007ff9b0d78000 	C:\WINDOWS\System32\sechost.dll
0x00007ff9af3b0000 - 0x00007ff9af3d8000 	C:\WINDOWS\System32\bcrypt.dll
0x00007ff9b1750000 - 0x00007ff9b1867000 	C:\WINDOWS\System32\RPCRT4.dll
0x00007ff9b0890000 - 0x00007ff9b0901000 	C:\WINDOWS\System32\WS2_32.dll
0x00007ff9ae230000 - 0x00007ff9ae27d000 	C:\WINDOWS\SYSTEM32\POWRPROF.dll
0x00007ff9a7210000 - 0x00007ff9a7244000 	C:\WINDOWS\SYSTEM32\WINMM.dll
0x00007ff9a5a70000 - 0x00007ff9a5a7a000 	C:\WINDOWS\SYSTEM32\VERSION.dll
0x00007ff9ae210000 - 0x00007ff9ae223000 	C:\WINDOWS\SYSTEM32\UMPDC.dll
0x00007ff9ae4d0000 - 0x00007ff9ae4e8000 	C:\WINDOWS\SYSTEM32\kernel.appcore.dll
0x00007ff9a5fe0000 - 0x00007ff9a5fea000 	C:\Users\ADMIN\.jdks\openjdk-21.0.2\bin\jimage.dll
0x00007ff9acd50000 - 0x00007ff9acf83000 	C:\WINDOWS\SYSTEM32\DBGHELP.DLL
0x00007ff9b02d0000 - 0x00007ff9b0659000 	C:\WINDOWS\System32\combase.dll
0x00007ff9b1ea0000 - 0x00007ff9b1f77000 	C:\WINDOWS\System32\OLEAUT32.dll
0x00007ff9940a0000 - 0x00007ff9940d2000 	C:\WINDOWS\SYSTEM32\dbgcore.DLL
0x00007ff9af870000 - 0x00007ff9af8ea000 	C:\WINDOWS\System32\bcryptPrimitives.dll
0x00007ff9a59f0000 - 0x00007ff9a59ff000 	C:\Users\ADMIN\.jdks\openjdk-21.0.2\bin\instrument.dll
0x00007ff9a59d0000 - 0x00007ff9a59ef000 	C:\Users\ADMIN\.jdks\openjdk-21.0.2\bin\java.dll

dbghelp: loaded successfully - version: 4.0.5 - missing functions: none
symbol engine: initialized successfully - sym options: 0x614 - pdb path: .;C:\Users\ADMIN\.jdks\openjdk-21.0.2\bin;C:\WINDOWS\SYSTEM32;C:\WINDOWS\WinSxS\amd64_microsoft.windows.common-controls_6595b64144ccf1df_6.0.22621.2506_none_270c5ae97388e100;C:\Users\ADMIN\.jdks\openjdk-21.0.2\bin\server

VM Arguments:
jvm_args: -javaagent:C:\Program Files\JetBrains\IntelliJ IDEA Community Edition 2023.1.3\lib\idea_rt.jar=56416:C:\Program Files\JetBrains\IntelliJ IDEA Community Edition 2023.1.3\bin -Dfile.encoding=UTF-8 -Dsun.stdout.encoding=UTF-8 -Dsun.stderr.encoding=UTF-8 
java_command: app.MainWindow
java_class_path (initial): D:\Uni\Semester 3\OOP Java\droneProject\out\production\ProjectJavaIj;D:\Uni\Semester 3\OOP Java\extension\JSON Library (Example)-20240127\json-20231013.jar;D:\Uni\Semester 3\OOP Java\extension\dotenv-java-3.0.0.jar
Launcher Type: SUN_STANDARD

[Global flags]
     intx CICompilerCount                          = 4                                         {product} {ergonomic}
     uint ConcGCThreads                            = 2                                         {product} {ergonomic}
     uint G1ConcRefinementThreads                  = 8                                         {product} {ergonomic}
   size_t G1HeapRegionSize                         = 2097152                                   {product} {ergonomic}
    uintx GCDrainStackTargetSize                   = 64                                        {product} {ergonomic}
   size_t InitialHeapSize                          = 268435456                                 {product} {ergonomic}
   size_t MarkStackSize                            = 4194304                                   {product} {ergonomic}
   size_t MaxHeapSize                              = 4269801472                                {product} {ergonomic}
   size_t MinHeapDeltaBytes                        = 2097152                                   {product} {ergonomic}
   size_t MinHeapSize                              = 8388608                                   {product} {ergonomic}
    uintx NonNMethodCodeHeapSize                   = 5839372                                {pd product} {ergonomic}
    uintx NonProfiledCodeHeapSize                  = 122909434                              {pd product} {ergonomic}
    uintx ProfiledCodeHeapSize                     = 122909434                              {pd product} {ergonomic}
    uintx ReservedCodeCacheSize                    = 251658240                              {pd product} {ergonomic}
     bool SegmentedCodeCache                       = true                                      {product} {ergonomic}
   size_t SoftMaxHeapSize                          = 4269801472                             {manageable} {ergonomic}
     bool UseCompressedOops                        = true                           {product lp64_product} {ergonomic}
     bool UseG1GC                                  = true                                      {product} {ergonomic}
     bool UseLargePagesIndividualAllocation        = false                                  {pd product} {ergonomic}

Logging:
Log output configuration:
 #0: stdout all=warning uptime,level,tags foldmultilines=false
 #1: stderr all=off uptime,level,tags foldmultilines=false

Environment Variables:
JAVA_HOME=C:\Program Files\Java\jdk-21
PATH=C:\Program Files\Common Files\Oracle\Java\javapath;C:\Program Files (x86)\VMware\VMware Player\bin\;C:\ProgramData\Oracle\Java\javapath;C:\Program Files\AdoptOpenJDK\jdk-13.0.2.8-hotspot\bin;C:\WINDOWS\system32;C:\WINDOWS;C:\WINDOWS\System32\Wbem;C:\WINDOWS\System32\WindowsPowerShell\v1.0\;C:\WINDOWS\System32\OpenSSH\;C:\Program Files\Calibre2\;%Java_Home%\bin;C:\Program Files\dotnet\;C:\mingw64\bin;C:\Program Files\Git\cmd;C:\Program Files\nodejs\;C:\ProgramData\chocolatey\bin;C:\HashiCorp\Vagrant\bin;C:\ProgramData\chocolatey\lib\maven\apache-maven-3.9.3\bin;C:\Program Files\Amazon\AWSCLIV2\;C:\Program Files\MySQL\MySQL Server 8.0\bin;C:\Program Files\MySQL\MySQL Shell 8.0\bin\;C:\Users\ADMIN\AppData\Local\Programs\Python\Python310\Scripts\;C:\Users\ADMIN\AppData\Local\Programs\Python\Python310\;C:\Users\ADMIN\AppData\Local\Microsoft\WindowsApps;C:\Users\ADMIN\AppData\Local\Programs\Microsoft VS Code\bin;C:\Users\ADMIN\AppData\Local\Programs\Hyper\resources\bin;C:\Users\ADMIN\AppData\Roaming\npm;C:\Program Files\heroku\bin;C:\Program Files\MongoDB\Server\6.0\bin;C:\Program Files\mongosh-1.8.2-win32-x64\bin;C:\Program Files\Java\jdk-21\bin;C:\Program Files\cmder;
USERNAME=ADMIN
OS=Windows_NT
PROCESSOR_IDENTIFIER=Intel64 Family 6 Model 142 Stepping 10, GenuineIntel
TMP=C:\Users\ADMIN\AppData\Local\Temp
TEMP=C:\Users\ADMIN\AppData\Local\Temp




Periodic native trim disabled

---------------  S Y S T E M  ---------------

OS:
 Windows 11 , 64 bit Build 22621 (10.0.22621.2506)
OS uptime: 2 days 11:10 hours

CPU: total 8 (initial active 8) (4 cores per cpu, 2 threads per core) family 6 model 142 stepping 10 microcode 0xea, cx8, cmov, fxsr, ht, mmx, 3dnowpref, sse, sse2, sse3, ssse3, sse4.1, sse4.2, popcnt, lzcnt, tsc, tscinvbit, avx, avx2, aes, erms, clmul, bmi1, bmi2, adx, fma, vzeroupper, clflush, clflushopt, rdtscp, f16c
Processor Information for all 8 processors :
  Max Mhz: 1992, Current Mhz: 1792, Mhz Limit: 1792

Memory: 4k page, system-wide physical 16284M (2431M free)
TotalPageFile size 24649M (AvailPageFile size 210M)
current process WorkingSet (physical memory assigned to process): 11M, peak: 11M
current process commit charge ("private bytes"): 60M, peak: 316M

vm_info: OpenJDK 64-Bit Server VM (21.0.2+13-58) for windows-amd64 JRE (21.0.2+13-58), built on 2024-01-05T18:32:24Z by "mach5one" with MS VC++ 17.1 (VS2022)

END.
